2025-02-03 18:37:00 | DEBUG | repo=system-int | action=commit
2025-03-21 12:22:00 | WARN | repo=system-int | action=pull
2025-06-28 10:31:00 | DEBUG | repo=system-int | action=commit
2025-06-15 11:04:00 | WARN | repo=system-int | action=commit
2025-12-07 08:31:00 | INFO | repo=system-int | action=commit
2025-01-07 07:21:00 | INFO | repo=system-int | action=test | passed=true
2025-08-08 20:57:00 | WARN | repo=system-int | action=commit
2025-12-01 11:31:00 | DEBUG | repo=system-int | action=commit
2025-03-27 09:51:00 | INFO | repo=system-int | action=commit
2025-01-05 18:59:00 | WARN | repo=system-int | action=commit
2025-04-01 12:06:00 | WARN | repo=system-int | action=commit
2025-11-13 20:10:00 | DEBUG | repo=system-int | action=edit | files=2
2025-06-16 19:52:00 | DEBUG | repo=system-int | action=commit
2025-06-23 19:02:00 | WARN | repo=system-int | action=commit
2025-03-10 20:59:00 | INFO | repo=system-int | action=commit
2025-12-11 08:07:00 | WARN | repo=system-int | action=commit
2025-11-02 15:49:00 | DEBUG | repo=system-int | action=commit
2025-06-22 11:15:00 | WARN | repo=system-int | action=commit
2025-03-20 21:25:00 | DEBUG | repo=system-int | action=commit
2025-04-21 11:42:00 | DEBUG | repo=system-int | action=commit
2025-06-05 09:10:00 | INFO | repo=system-int | action=commit
2025-04-16 19:22:00 | WARN | repo=system-int | action=commit
2025-05-05 19:33:00 | INFO | repo=system-int | action=test | passed=true
2025-01-02 10:22:00 | WARN | repo=system-int | action=commit
2025-07-04 15:58:00 | DEBUG | repo=system-int | action=commit
2025-11-02 20:41:00 | DEBUG | repo=system-int | action=test | passed=true
2025-06-28 10:44:00 | INFO | repo=system-int | action=commit
2025-11-24 21:54:00 | WARN | repo=system-int | action=commit
2025-11-14 20:05:00 | DEBUG | repo=system-int | action=pull
2025-02-01 12:58:00 | WARN | repo=system-int | action=commit
2025-05-17 20:19:00 | DEBUG | repo=system-int | action=commit
2025-03-10 07:32:00 | INFO | repo=system-int | action=edit | files=2
2025-06-18 12:52:00 | DEBUG | repo=system-int | action=commit
2025-12-03 10:24:00 | INFO | repo=system-int | action=commit
2025-11-03 12:23:00 | INFO | repo=system-int | action=commit
2025-05-10 09:59:00 | DEBUG | repo=system-int | action=commit
2025-02-07 21:39:00 | DEBUG | repo=system-int | action=commit
2025-06-25 15:41:00 | INFO | repo=system-int | action=commit
2025-06-22 20:29:00 | DEBUG | repo=system-int | action=commit
2025-09-10 20:00:00 | INFO | repo=system-int | action=commit
2025-03-19 09:50:00 | WARN | repo=system-int | action=commit
2025-08-20 19:59:00 | WARN | repo=system-int | action=commit
2025-10-07 15:54:00 | INFO | repo=system-int | action=commit
2025-05-28 20:28:00 | INFO | repo=system-int | action=commit
2025-12-24 16:49:00 | INFO | repo=system-int | action=commit
2025-04-21 07:15:00 | DEBUG | repo=system-int | action=commit
2025-02-23 12:59:00 | DEBUG | repo=system-int | action=pull
2025-07-06 16:09:00 | DEBUG | repo=system-int | action=pull
2025-03-09 20:23:00 | DEBUG | repo=system-int | action=commit
2025-04-09 11:49:00 | INFO | repo=system-int | action=commit
2025-12-26 07:19:00 | WARN | repo=system-int | action=commit
2025-02-14 10:31:00 | WARN | repo=system-int | action=commit
2025-12-27 07:17:00 | INFO | repo=system-int | action=commit
2025-07-07 13:14:00 | INFO | repo=system-int | action=commit
2025-07-05 16:05:00 | INFO | repo=system-int | action=commit
